# JRE version: OpenJDK Runtime Environment (8.0_342-b07) (build 1.8.0_342-b07)
# Java VM: OpenJDK 64-Bit Server VM (25.342-b07 mixed mode windows-amd64 compressed oops)
Heap:
 PSYoungGen      total 240640K, used 53508K [0x000000076c900000, 0x000000077cc00000, 0x00000007c0000000)
  eden space 225792K, 17% used [0x000000076c900000,0x000000076eec5088,0x000000077a580000)
  from space 14848K, 99% used [0x000000077bd80000,0x000000077cbfc1e0,0x000000077cc00000)
  to   space 16896K, 0% used [0x000000077ab00000,0x000000077ab00000,0x000000077bb80000)
 ParOldGen       total 154624K, used 17768K [0x00000006c5a00000, 0x00000006cf100000, 0x000000076c900000)
  object space 154624K, 11% used [0x00000006c5a00000,0x00000006c6b5a178,0x00000006cf100000)
 Metaspace       used 44940K, capacity 49166K, committed 49280K, reserved 1091584K
  class space    used 6244K, capacity 7000K, committed 7040K, reserved 1048576K
GC Heap History (10 events):
Event: 1.940 GC heap before
{Heap before GC invocations=6 (full 1):
 PSYoungGen      total 113664K, used 113249K [0x000000076c900000, 0x0000000775880000, 0x00000007c0000000)
  eden space 106496K, 100% used [0x000000076c900000,0x0000000773100000,0x0000000773100000)
  from space 7168K, 94% used [0x0000000775180000,0x00000007758187c0,0x0000000775880000)
  to   space 10752K, 0% used [0x0000000774380000,0x0000000774380000,0x0000000774e00000)
 ParOldGen       total 94208K, used 7626K [0x00000006c5a00000, 0x00000006cb600000, 0x000000076c900000)
  object space 94208K, 8% used [0x00000006c5a00000,0x00000006c6172b98,0x00000006cb600000)
 Metaspace       used 28708K, capacity 30564K, committed 30720K, reserved 1075200K
  class space    used 3903K, capacity 4254K, committed 4352K, reserved 1048576K
Event: 1.946 GC heap after
Heap after GC invocations=6 (full 1):
 PSYoungGen      total 136192K, used 10720K [0x000000076c900000, 0x0000000778d00000, 0x00000007c0000000)
  eden space 125440K, 0% used [0x000000076c900000,0x000000076c900000,0x0000000774380000)
  from space 10752K, 99% used [0x0000000774380000,0x0000000774df8300,0x0000000774e00000)
  to   space 14336K, 0% used [0x0000000777f00000,0x0000000777f00000,0x0000000778d00000)
 ParOldGen       total 94208K, used 10090K [0x00000006c5a00000, 0x00000006cb600000, 0x000000076c900000)
  object space 94208K, 10% used [0x00000006c5a00000,0x00000006c63da878,0x00000006cb600000)
 Metaspace       used 28708K, capacity 30564K, committed 30720K, reserved 1075200K
  class space    used 3903K, capacity 4254K, committed 4352K, reserved 1048576K
}
Event: 2.256 GC heap before
{Heap before GC invocations=7 (full 1):
 PSYoungGen      total 136192K, used 79287K [0x000000076c900000, 0x0000000778d00000, 0x00000007c0000000)
  eden space 125440K, 54% used [0x000000076c900000,0x0000000770bf5a48,0x0000000774380000)
  from space 10752K, 99% used [0x0000000774380000,0x0000000774df8300,0x0000000774e00000)
  to   space 14336K, 0% used [0x0000000777f00000,0x0000000777f00000,0x0000000778d00000)
 ParOldGen       total 94208K, used 10090K [0x00000006c5a00000, 0x00000006cb600000, 0x000000076c900000)
  object space 94208K, 10% used [0x00000006c5a00000,0x00000006c63da878,0x00000006cb600000)
 Metaspace       used 33353K, capacity 35346K, committed 35456K, reserved 1079296K
  class space    used 4484K, capacity 4895K, committed 4992K, reserved 1048576K
Event: 2.265 GC heap after
Heap after GC invocations=7 (full 1):
 PSYoungGen      total 185856K, used 11671K [0x000000076c900000, 0x000000077ad00000, 0x00000007c0000000)
  eden space 171520K, 0% used [0x000000076c900000,0x000000076c900000,0x0000000777080000)
  from space 14336K, 81% used [0x0000000777f00000,0x0000000778a65c78,0x0000000778d00000)
  to   space 14848K, 0% used [0x0000000777080000,0x0000000777080000,0x0000000777f00000)
 ParOldGen       total 94208K, used 10098K [0x00000006c5a00000, 0x00000006cb600000, 0x000000076c900000)
  object space 94208K, 10% used [0x00000006c5a00000,0x00000006c63dc878,0x00000006cb600000)
 Metaspace       used 33353K, capacity 35346K, committed 35456K, reserved 1079296K
  class space    used 4484K, capacity 4895K, committed 4992K, reserved 1048576K
}
Event: 2.265 GC heap before
{Heap before GC invocations=8 (full 2):
 PSYoungGen      total 185856K, used 11671K [0x000000076c900000, 0x000000077ad00000, 0x00000007c0000000)
  eden space 171520K, 0% used [0x000000076c900000,0x000000076c900000,0x0000000777080000)
  from space 14336K, 81% used [0x0000000777f00000,0x0000000778a65c78,0x0000000778d00000)
  to   space 14848K, 0% used [0x0000000777080000,0x0000000777080000,0x0000000777f00000)
 ParOldGen       total 94208K, used 10098K [0x00000006c5a00000, 0x00000006cb600000, 0x000000076c900000)
  object space 94208K, 10% used [0x00000006c5a00000,0x00000006c63dc878,0x00000006cb600000)
 Metaspace       used 33353K, capacity 35346K, committed 35456K, reserved 1079296K
  class space    used 4484K, capacity 4895K, committed 4992K, reserved 1048576K
Event: 2.324 GC heap after
Heap after GC invocations=8 (full 2):
 PSYoungGen      total 185856K, used 0K [0x000000076c900000, 0x000000077ad00000, 0x00000007c0000000)
  eden space 171520K, 0% used [0x000000076c900000,0x000000076c900000,0x0000000777080000)
  from space 14336K, 0% used [0x0000000777f00000,0x0000000777f00000,0x0000000778d00000)
  to   space 14848K, 0% used [0x0000000777080000,0x0000000777080000,0x0000000777f00000)
 ParOldGen       total 154624K, used 17038K [0x00000006c5a00000, 0x00000006cf100000, 0x000000076c900000)
  object space 154624K, 11% used [0x00000006c5a00000,0x00000006c6aa38a0,0x00000006cf100000)
 Metaspace       used 33353K, capacity 35346K, committed 35456K, reserved 1079296K
  class space    used 4484K, capacity 4895K, committed 4992K, reserved 1048576K
}
Event: 3.106 GC heap before
{Heap before GC invocations=9 (full 2):
 PSYoungGen      total 185856K, used 171520K [0x000000076c900000, 0x000000077ad00000, 0x00000007c0000000)
  eden space 171520K, 100% used [0x000000076c900000,0x0000000777080000,0x0000000777080000)
  from space 14336K, 0% used [0x0000000777f00000,0x0000000777f00000,0x0000000778d00000)
  to   space 14848K, 0% used [0x0000000777080000,0x0000000777080000,0x0000000777f00000)
 ParOldGen       total 154624K, used 17038K [0x00000006c5a00000, 0x00000006cf100000, 0x000000076c900000)
  object space 154624K, 11% used [0x00000006c5a00000,0x00000006c6aa38a0,0x00000006cf100000)
 Metaspace       used 37270K, capacity 39554K, committed 39808K, reserved 1083392K
  class space    used 5017K, capacity 5439K, committed 5504K, reserved 1048576K
Event: 3.111 GC heap after
Heap after GC invocations=9 (full 2):
 PSYoungGen      total 186368K, used 6309K [0x000000076c900000, 0x000000077cc00000, 0x00000007c0000000)
  eden space 171520K, 0% used [0x000000076c900000,0x000000076c900000,0x0000000777080000)
  from space 14848K, 42% used [0x0000000777080000,0x00000007776a9408,0x0000000777f00000)
  to   space 14848K, 0% used [0x000000077bd80000,0x000000077bd80000,0x000000077cc00000)
 ParOldGen       total 154624K, used 17046K [0x00000006c5a00000, 0x00000006cf100000, 0x000000076c900000)
  object space 154624K, 11% used [0x00000006c5a00000,0x00000006c6aa58a0,0x00000006cf100000)
 Metaspace       used 37270K, capacity 39554K, committed 39808K, reserved 1083392K
  class space    used 5017K, capacity 5439K, committed 5504K, reserved 1048576K
}
Event: 8.887 GC heap before
{Heap before GC invocations=10 (full 2):
 PSYoungGen      total 186368K, used 177829K [0x000000076c900000, 0x000000077cc00000, 0x00000007c0000000)
  eden space 171520K, 100% used [0x000000076c900000,0x0000000777080000,0x0000000777080000)
  from space 14848K, 42% used [0x0000000777080000,0x00000007776a9408,0x0000000777f00000)
  to   space 14848K, 0% used [0x000000077bd80000,0x000000077bd80000,0x000000077cc00000)
 ParOldGen       total 154624K, used 17046K [0x00000006c5a00000, 0x00000006cf100000, 0x000000076c900000)
  object space 154624K, 11% used [0x00000006c5a00000,0x00000006c6aa58a0,0x00000006cf100000)
 Metaspace       used 44876K, capacity 49052K, committed 49280K, reserved 1091584K
  class space    used 6229K, capacity 6981K, committed 7040K, reserved 1048576K
Event: 8.898 GC heap after
Heap after GC invocations=10 (full 2):
 PSYoungGen      total 240640K, used 14832K [0x000000076c900000, 0x000000077cc00000, 0x00000007c0000000)
  eden space 225792K, 0% used [0x000000076c900000,0x000000076c900000,0x000000077a580000)
  from space 14848K, 99% used [0x000000077bd80000,0x000000077cbfc1e0,0x000000077cc00000)
  to   space 16896K, 0% used [0x000000077ab00000,0x000000077ab00000,0x000000077bb80000)
 ParOldGen       total 154624K, used 17768K [0x00000006c5a00000, 0x00000006cf100000, 0x000000076c900000)
  object space 154624K, 11% used [0x00000006c5a00000,0x00000006c6b5a178,0x00000006cf100000)
 Metaspace       used 44876K, capacity 49052K, committed 49280K, reserved 1091584K
  class space    used 6229K, capacity 6981K, committed 7040K, reserved 1048576K
}

